<?xml version="1.0" encoding="UTF-8"?>
<!-- Generated by org.testng.reporters.JUnitXMLReporter -->
<testsuite ignored="0" hostname="bhagyak" failures="3" tests="5" name="Testcase 1" time="0.268" errors="0" timestamp="2024-11-25T10:23:05 IST">
  <testcase classname="testngTestcases.Testcase1" name="doUserReg" time="0.029">
    <failure type="java.lang.AssertionError" message="user registration failed">
      <![CDATA[java.lang.AssertionError: user registration failed
at testngTestcases.Testcase1.doUserReg(Testcase1.java:52)
at java.base/java.util.ArrayList.forEach(ArrayList.java:1596)
... Removed 26 stack frames]]>
    </failure>
  </testcase> <!-- doUserReg -->
  <testcase classname="testngTestcases.Testcase1" name="doLogin" time="0.0">
    <skipped/>
  </testcase> <!-- doLogin -->
  <testcase classname="testngTestcases.Testcase2" name="softAssertDemo" time="0.024">
    <failure type="java.lang.AssertionError" message="The following asserts failed:
	expected [Gmail.com] but found [gmail.com],
	expected [true] but found [false],
	expected [false] but found [true]">
      <![CDATA[java.lang.AssertionError: The following asserts failed:
expected [Gmail.com] but found [gmail.com],
expected [true] but found [false],
expected [false] but found [true]
at testngTestcases.Testcase2.softAssertDemo(Testcase2.java:47)
at java.base/java.util.ArrayList.forEach(ArrayList.java:1596)
... Removed 27 stack frames]]>
    </failure>
  </testcase> <!-- softAssertDemo -->
  <testcase classname="testngTestcases.Testcase3" name="doSkip" time="0.003">
    <skipped/>
  </testcase> <!-- doSkip -->
  <testcase classname="testngTestcases.Testcase3" name="userReg" time="0.007">
    <failure type="java.lang.AssertionError" message="Intentionally fails a testcase">
      <![CDATA[java.lang.AssertionError: Intentionally fails a testcase
at testngTestcases.Testcase3.userReg(Testcase3.java:12)
at java.base/java.util.ArrayList.forEach(ArrayList.java:1596)
... Removed 26 stack frames]]>
    </failure>
  </testcase> <!-- userReg -->
</testsuite> <!-- Testcase 1 -->
